<?xml version="1.0" encoding="UTF-8"?>
<testng-results skipped="0" failed="0" ignored="0" total="1" passed="1">
  <reporter-output>
  </reporter-output>
  <suite name="Suite" duration-ms="16" started-at="2018-06-03T03:06:18Z" finished-at="2018-06-03T03:06:18Z">
    <groups>
    </groups>
    <test name="Test" duration-ms="16" started-at="2018-06-03T03:06:18Z" finished-at="2018-06-03T03:06:18Z">
      <class name="com.bbc.LessonFive.mvnTestNG">
        <test-method status="PASS" signature="HelloWorld()[pri:0, instance:com.bbc.LessonFive.mvnTestNG@4923ab24]" name="HelloWorld" duration-ms="0" started-at="2018-06-03T03:06:18Z" finished-at="2018-06-03T03:06:18Z">
          <reporter-output>
          </reporter-output>
        </test-method> <!-- HelloWorld -->
      </class> <!-- com.bbc.LessonFive.mvnTestNG -->
    </test> <!-- Test -->
  </suite> <!-- Suite -->
</testng-results>
